INFO     planner time limit: 300s
INFO     planner memory limit: 3584 MB

INFO     Running translator.
INFO     translator stdin: None
INFO     translator time limit: 299.96s
INFO     translator memory limit: 3584 MB
INFO     translator command line string: /home/moritz/Schreibtisch/H2_Heuristic/downward/experiments/experiments/.venv/bin/python3 /home/moritz/Schreibtisch/H2_Heuristic/downward/experiments/experiments/data/2022-08-15-h2-via-p2/code-b3ad9ab5d9818ae093a306e51473012689b740b2_e5e41175/builds/release/bin/translate/translate.py domain.pddl problem.pddl --sas-file output.sas
Parsing...
Parsing: [0.010s CPU, 0.002s wall-clock]
Normalizing task... [0.000s CPU, 0.000s wall-clock]
Instantiating...
Generating Datalog program... [0.000s CPU, 0.000s wall-clock]
Normalizing Datalog program...
Normalizing Datalog program: [0.000s CPU, 0.003s wall-clock]
Preparing model... [0.000s CPU, 0.001s wall-clock]
Generated 61 rules.
Computing model... [0.010s CPU, 0.004s wall-clock]
181 relevant atoms
255 auxiliary atoms
436 final queue length
594 total queue pushes
Completing instantiation... [0.000s CPU, 0.004s wall-clock]
Instantiating: [0.010s CPU, 0.014s wall-clock]
Computing fact groups...
Finding invariants...
16 initial candidates
Finding invariants: [0.010s CPU, 0.007s wall-clock]
Checking invariant weight... [0.000s CPU, 0.000s wall-clock]
Instantiating groups... [0.000s CPU, 0.001s wall-clock]
Collecting mutex groups... [0.000s CPU, 0.000s wall-clock]
Choosing groups...
14 uncovered facts
Choosing groups: [0.000s CPU, 0.000s wall-clock]
Building translation key... [0.000s CPU, 0.000s wall-clock]
Computing fact groups: [0.010s CPU, 0.009s wall-clock]
Building STRIPS to SAS dictionary... [0.000s CPU, 0.000s wall-clock]
Building dictionary for full mutex groups... [0.000s CPU, 0.000s wall-clock]
Building mutex information...
Building mutex information: [0.000s CPU, 0.000s wall-clock]
Translating task...
Processing axioms...
Simplifying axioms... [0.000s CPU, 0.000s wall-clock]
Translator axioms removed by simplifying: 0
Computing negative axioms... [0.000s CPU, 0.000s wall-clock]
Processing axioms: [0.000s CPU, 0.000s wall-clock]
Translating task: [0.000s CPU, 0.004s wall-clock]
72 effect conditions simplified
0 implied preconditions added
Detecting unreachable propositions...
0 operators removed
0 axioms removed
18 propositions removed
Detecting unreachable propositions: [0.010s CPU, 0.002s wall-clock]
Reordering and filtering variables...
14 of 14 variables necessary.
10 of 14 mutex groups necessary.
72 of 72 operators necessary.
0 of 0 axiom rules necessary.
Reordering and filtering variables: [0.000s CPU, 0.001s wall-clock]
Translator variables: 14
Translator derived variables: 0
Translator facts: 48
Translator goal facts: 2
Translator mutex groups: 10
Translator total mutex groups size: 48
Translator operators: 72
Translator axioms: 0
Translator task size: 622
Translator peak memory: 42628 KB
Writing output... [0.000s CPU, 0.001s wall-clock]
Done! [0.040s CPU, 0.035s wall-clock]
translate exit code: 0

INFO     Running search (release).
INFO     search stdin: output.sas
INFO     search time limit: 299.87s
INFO     search memory limit: 3584 MB
INFO     search command line string: /home/moritz/Schreibtisch/H2_Heuristic/downward/experiments/experiments/data/2022-08-15-h2-via-p2/code-b3ad9ab5d9818ae093a306e51473012689b740b2_e5e41175/builds/release/bin/downward --search 'astar(eval=hmax_p2())' --internal-plan-file sas_plan < output.sas
[t=3.6675e-05s, 22476 KB] reading input...
[t=0.000556803s, 22476 KB] done reading input!
[t=0.022965s, 37540 KB] Building successor generator...done!
[t=0.0231243s, 37540 KB] peak memory difference for successor generator creation: 0 KB
[t=0.0231445s, 37540 KB] time for successor generation creation: 4.6603e-05s
[t=0.0231764s, 37540 KB] Variables: 14
[t=0.0231965s, 37540 KB] FactPairs: 48
[t=0.0232116s, 37540 KB] Bytes per state: 4
[t=0.0233455s, 37540 KB] Conducting best first search with reopening closed nodes, (real) bound = 2147483647
[t=0.0253079s, 37540 KB] New best heuristic value for eval = hmax_p2: 8
[t=0.0253626s, 37540 KB] g=0, 1 evaluated, 0 expanded
[t=0.0253814s, 37540 KB] f = 8, 1 evaluated, 0 expanded
[t=0.0254032s, 37540 KB] Initial heuristic value for eval = hmax_p2: 8
[t=0.0254202s, 37540 KB] pruning method: none
[t=0.0316994s, 37540 KB] New best heuristic value for eval = hmax_p2: 7
[t=0.0317687s, 37540 KB] g=1, 6 evaluated, 1 expanded
[t=0.0408061s, 37540 KB] f = 9, 13 evaluated, 2 expanded
[t=0.0421568s, 37540 KB] New best heuristic value for eval = hmax_p2: 6
[t=0.0422073s, 37540 KB] g=3, 14 evaluated, 3 expanded
[t=0.0864494s, 37540 KB] f = 10, 48 evaluated, 15 expanded
[t=0.0967696s, 37540 KB] New best heuristic value for eval = hmax_p2: 5
[t=0.0968461s, 37540 KB] g=5, 56 evaluated, 18 expanded
[t=0.100599s, 37540 KB] New best heuristic value for eval = hmax_p2: 4
[t=0.100667s, 37540 KB] g=6, 59 evaluated, 19 expanded
[t=0.104619s, 37540 KB] New best heuristic value for eval = hmax_p2: 3
[t=0.10468s, 37540 KB] g=7, 63 evaluated, 20 expanded
[t=0.108138s, 37540 KB] New best heuristic value for eval = hmax_p2: 2
[t=0.10821s, 37540 KB] g=8, 67 evaluated, 21 expanded
[t=0.113083s, 37540 KB] New best heuristic value for eval = hmax_p2: 1
[t=0.113155s, 37540 KB] g=9, 76 evaluated, 22 expanded
[t=0.115366s, 37540 KB] New best heuristic value for eval = hmax_p2: 0
[t=0.115415s, 37540 KB] g=10, 83 evaluated, 23 expanded
[t=0.115436s, 37540 KB] Solution found!
[t=0.115455s, 37540 KB] Actual search time: 0.0900321s
lift hoist0 crate1 pallet0 depot0 (1)
load hoist0 crate1 truck1 depot0 (1)
drive truck1 depot0 distributor0 (1)
lift hoist1 crate0 pallet1 distributor0 (1)
load hoist1 crate0 truck1 distributor0 (1)
unload hoist1 crate1 truck1 distributor0 (1)
drive truck1 distributor0 distributor1 (1)
unload hoist2 crate0 truck1 distributor1 (1)
drop hoist1 crate1 pallet1 distributor0 (1)
drop hoist2 crate0 pallet2 distributor1 (1)
[t=0.115475s, 37540 KB] Plan length: 10 step(s).
[t=0.115475s, 37540 KB] Plan cost: 10
[t=0.115475s, 37540 KB] Expanded 24 state(s).
[t=0.115475s, 37540 KB] Reopened 0 state(s).
[t=0.115475s, 37540 KB] Evaluated 83 state(s).
[t=0.115475s, 37540 KB] Evaluations: 83
[t=0.115475s, 37540 KB] Generated 151 state(s).
[t=0.115475s, 37540 KB] Dead ends: 0 state(s).
[t=0.115475s, 37540 KB] Expanded until last jump: 15 state(s).
[t=0.115475s, 37540 KB] Reopened until last jump: 0 state(s).
[t=0.115475s, 37540 KB] Evaluated until last jump: 48 state(s).
[t=0.115475s, 37540 KB] Generated until last jump: 99 state(s).
[t=0.115475s, 37540 KB] Number of registered states: 83
[t=0.115475s, 37540 KB] Int hash set load factor: 83/128 = 0.648438
[t=0.115475s, 37540 KB] Int hash set resizes: 7
[t=0.115475s, 37540 KB] Search time: 0.0921309s
[t=0.115475s, 37540 KB] Total time: 0.115475s
Solution found.
Peak memory: 37540 KB
Remove intermediate file output.sas
search exit code: 0

INFO     Running validate.
INFO     validate stdin: None
INFO     validate time limit: None
INFO     validate memory limit: None
INFO     validate command line string: validate domain.pddl problem.pddl sas_plan
